Performing C SOURCE FILE Test CMAKE_HAVE_LIBC_PTHREAD failed with the following output:
Change Dir: /home/zhex/git_me/vehicle_detection/MNN/build/CMakeFiles/CMakeTmp

Run Build Command(s):/usr/bin/make cmTC_365c2/fast && /usr/bin/make -f CMakeFiles/cmTC_365c2.dir/build.make CMakeFiles/cmTC_365c2.dir/build
make[1]: Entering directory '/home/zhex/git_me/vehicle_detection/MNN/build/CMakeFiles/CMakeTmp'
Building C object CMakeFiles/cmTC_365c2.dir/src.c.o
/usr/bin/cc   -fPIC -DCMAKE_HAVE_LIBC_PTHREAD   -o CMakeFiles/cmTC_365c2.dir/src.c.o   -c /home/zhex/git_me/vehicle_detection/MNN/build/CMakeFiles/CMakeTmp/src.c
Linking C executable cmTC_365c2
/usr/local/bin/cmake -E cmake_link_script CMakeFiles/cmTC_365c2.dir/link.txt --verbose=1
/usr/bin/cc -fPIC -DCMAKE_HAVE_LIBC_PTHREAD    CMakeFiles/cmTC_365c2.dir/src.c.o  -o cmTC_365c2 
CMakeFiles/cmTC_365c2.dir/src.c.o: In function `main':
src.c:(.text+0x3e): undefined reference to `pthread_create'
src.c:(.text+0x4a): undefined reference to `pthread_detach'
src.c:(.text+0x5b): undefined reference to `pthread_join'
src.c:(.text+0x6f): undefined reference to `pthread_atfork'
collect2: error: ld returned 1 exit status
CMakeFiles/cmTC_365c2.dir/build.make:86: recipe for target 'cmTC_365c2' failed
make[1]: *** [cmTC_365c2] Error 1
make[1]: Leaving directory '/home/zhex/git_me/vehicle_detection/MNN/build/CMakeFiles/CMakeTmp'
Makefile:121: recipe for target 'cmTC_365c2/fast' failed
make: *** [cmTC_365c2/fast] Error 2


Source file was:
#include <pthread.h>

void* test_func(void* data)
{
  return data;
}

int main(void)
{
  pthread_t thread;
  pthread_create(&thread, NULL, test_func, NULL);
  pthread_detach(thread);
  pthread_join(thread, NULL);
  pthread_atfork(NULL, NULL, NULL);
  pthread_exit(NULL);

  return 0;
}

Determining if the function pthread_create exists in the pthreads failed with the following output:
Change Dir: /home/zhex/git_me/vehicle_detection/MNN/build/CMakeFiles/CMakeTmp

Run Build Command(s):/usr/bin/make cmTC_e8a9a/fast && /usr/bin/make -f CMakeFiles/cmTC_e8a9a.dir/build.make CMakeFiles/cmTC_e8a9a.dir/build
make[1]: Entering directory '/home/zhex/git_me/vehicle_detection/MNN/build/CMakeFiles/CMakeTmp'
Building C object CMakeFiles/cmTC_e8a9a.dir/CheckFunctionExists.c.o
/usr/bin/cc   -fPIC -DCHECK_FUNCTION_EXISTS=pthread_create   -o CMakeFiles/cmTC_e8a9a.dir/CheckFunctionExists.c.o   -c /usr/local/share/cmake-3.15/Modules/CheckFunctionExists.c
Linking C executable cmTC_e8a9a
/usr/local/bin/cmake -E cmake_link_script CMakeFiles/cmTC_e8a9a.dir/link.txt --verbose=1
/usr/bin/cc -fPIC -DCHECK_FUNCTION_EXISTS=pthread_create    CMakeFiles/cmTC_e8a9a.dir/CheckFunctionExists.c.o  -o cmTC_e8a9a -lpthreads 
/usr/bin/ld: cannot find -lpthreads
collect2: error: ld returned 1 exit status
CMakeFiles/cmTC_e8a9a.dir/build.make:86: recipe for target 'cmTC_e8a9a' failed
make[1]: *** [cmTC_e8a9a] Error 1
make[1]: Leaving directory '/home/zhex/git_me/vehicle_detection/MNN/build/CMakeFiles/CMakeTmp'
Makefile:121: recipe for target 'cmTC_e8a9a/fast' failed
make: *** [cmTC_e8a9a/fast] Error 2



